# JRE version: Java(TM) SE Runtime Environment (11.0.1+13) (build 11.0.1+13-LTS)
# Java VM: Java HotSpot(TM) 64-Bit Server VM (11.0.1+13-LTS, mixed mode, tiered, compressed oops, g1 gc, linux-amd64)
Heap:
 garbage-first heap   total 256000K, used 85842K [0x0000000706a00000, 0x0000000800000000)
  region size 1024K, 85 young (87040K), 4 survivors (4096K)
 Metaspace       used 19382K, capacity 19991K, committed 20224K, reserved 1067008K
  class space    used 1923K, capacity 2186K, committed 2304K, reserved 1048576K
GC Heap History (10 events):
Event: 64,839 GC heap before
{Heap before GC invocations=4 (full 0):
 garbage-first heap   total 256000K, used 153575K [0x0000000706a00000, 0x0000000800000000)
  region size 1024K, 150 young (153600K), 4 survivors (4096K)
 Metaspace       used 19083K, capacity 19671K, committed 19968K, reserved 1067008K
  class space    used 1923K, capacity 2186K, committed 2304K, reserved 1048576K
}
Event: 64,873 GC heap after
{Heap after GC invocations=5 (full 0):
 garbage-first heap   total 256000K, used 4093K [0x0000000706a00000, 0x0000000800000000)
  region size 1024K, 4 young (4096K), 4 survivors (4096K)
 Metaspace       used 19083K, capacity 19671K, committed 19968K, reserved 1067008K
  class space    used 1923K, capacity 2186K, committed 2304K, reserved 1048576K
}
Event: 88,989 GC heap before
{Heap before GC invocations=5 (full 0):
 garbage-first heap   total 256000K, used 153597K [0x0000000706a00000, 0x0000000800000000)
  region size 1024K, 150 young (153600K), 4 survivors (4096K)
 Metaspace       used 19106K, capacity 19735K, committed 19968K, reserved 1067008K
  class space    used 1923K, capacity 2186K, committed 2304K, reserved 1048576K
}
Event: 89,001 GC heap after
{Heap after GC invocations=6 (full 0):
 garbage-first heap   total 256000K, used 4102K [0x0000000706a00000, 0x0000000800000000)
  region size 1024K, 4 young (4096K), 4 survivors (4096K)
 Metaspace       used 19106K, capacity 19735K, committed 19968K, reserved 1067008K
  class space    used 1923K, capacity 2186K, committed 2304K, reserved 1048576K
}
Event: 94,768 GC heap before
{Heap before GC invocations=6 (full 0):
 garbage-first heap   total 256000K, used 153606K [0x0000000706a00000, 0x0000000800000000)
  region size 1024K, 150 young (153600K), 4 survivors (4096K)
 Metaspace       used 19180K, capacity 19799K, committed 19968K, reserved 1067008K
  class space    used 1923K, capacity 2186K, committed 2304K, reserved 1048576K
}
Event: 94,781 GC heap after
{Heap after GC invocations=7 (full 0):
 garbage-first heap   total 256000K, used 4274K [0x0000000706a00000, 0x0000000800000000)
  region size 1024K, 4 young (4096K), 4 survivors (4096K)
 Metaspace       used 19180K, capacity 19799K, committed 19968K, reserved 1067008K
  class space    used 1923K, capacity 2186K, committed 2304K, reserved 1048576K
}
Event: 105,857 GC heap before
{Heap before GC invocations=7 (full 0):
 garbage-first heap   total 256000K, used 153778K [0x0000000706a00000, 0x0000000800000000)
  region size 1024K, 150 young (153600K), 4 survivors (4096K)
 Metaspace       used 19268K, capacity 19863K, committed 20224K, reserved 1067008K
  class space    used 1923K, capacity 2186K, committed 2304K, reserved 1048576K
}
Event: 105,887 GC heap after
{Heap after GC invocations=8 (full 0):
 garbage-first heap   total 256000K, used 4099K [0x0000000706a00000, 0x0000000800000000)
  region size 1024K, 4 young (4096K), 4 survivors (4096K)
 Metaspace       used 19268K, capacity 19863K, committed 20224K, reserved 1067008K
  class space    used 1923K, capacity 2186K, committed 2304K, reserved 1048576K
}
Event: 116,097 GC heap before
{Heap before GC invocations=8 (full 0):
 garbage-first heap   total 256000K, used 153603K [0x0000000706a00000, 0x0000000800000000)
  region size 1024K, 150 young (153600K), 4 survivors (4096K)
 Metaspace       used 19341K, capacity 19927K, committed 20224K, reserved 1067008K
  class space    used 1923K, capacity 2186K, committed 2304K, reserved 1048576K
}
Event: 116,121 GC heap after
{Heap after GC invocations=9 (full 0):
 garbage-first heap   total 256000K, used 3922K [0x0000000706a00000, 0x0000000800000000)
  region size 1024K, 4 young (4096K), 4 survivors (4096K)
 Metaspace       used 19341K, capacity 19927K, committed 20224K, reserved 1067008K
  class space    used 1923K, capacity 2186K, committed 2304K, reserved 1048576K
}

